#
# There is insufficient memory for the Java Runtime Environment to continue.
# Native memory allocation (malloc) failed to allocate 1048576 bytes for AllocateHeap
# Possible reasons:
#   The system is out of physical RAM or swap space
#   The process is running with CompressedOops enabled, and the Java Heap may be blocking the growth of the native heap
# Possible solutions:
#   Reduce memory load on the system
#   Increase physical memory or swap space
#   Check if swap backing store is full
#   Decrease Java heap size (-Xmx/-Xms)
#   Decrease number of Java threads
#   Decrease Java thread stack sizes (-Xss)
#   Set larger code cache with -XX:ReservedCodeCacheSize=
#   JVM is running with Unscaled Compressed Oops mode in which the Java heap is
#     placed in the first 4GB address space. The Java Heap base address is the
#     maximum limit for the native heap growth. Please use -XX:HeapBaseMinAddress
#     to set the Java Heap base and to place the Java Heap above 4GB virtual address.
# This output file may be truncated or incomplete.
#
#  Out of Memory Error (./open/src/hotspot/share/memory/allocation.cpp:44), pid=9668, tid=8612
#
# JRE version:  (15.0+36) (build )
# Java VM: Java HotSpot(TM) 64-Bit Server VM (15+36-1562, mixed mode, sharing, tiered, compressed oops, g1 gc, windows-amd64)
# No core dump will be written. Minidumps are not enabled by default on client versions of Windows
#

---------------  S U M M A R Y ------------

Command Line: -Dfile.encoding=Cp1252 -XX:+ShowCodeDetailsInExceptionMessages bai3.PoolStop

Host: Intel(R) Core(TM) i7-5500U CPU @ 2.40GHz, 4 cores, 11G,  Windows 10 , 64 bit Build 19041 (10.0.19041.292)
Time: Mon Oct 19 14:25:01 2020 SE Asia Standard Time elapsed time: 0.076659 seconds (0d 0h 0m 0s)

---------------  T H R E A D  ---------------

Current thread (0x00000216f955b680):  JavaThread "Unknown thread" [_thread_in_vm, id=8612, stack(0x0000007c9c600000,0x0000007c9c700000)]

Stack: [0x0000007c9c600000,0x0000007c9c700000]
Native frames: (J=compiled Java code, j=interpreted, Vv=VM code, C=native code)
V  [jvm.dll+0x629eaa]
V  [jvm.dll+0x780379]
V  [jvm.dll+0x781ad3]
V  [jvm.dll+0x782133]
V  [jvm.dll+0x2159d5]
V  [jvm.dll+0x8ea92]
V  [jvm.dll+0x2a1f94]
V  [jvm.dll+0x75d0bc]
V  [jvm.dll+0x333af4]
V  [jvm.dll+0x73d816]
V  [jvm.dll+0x3b68e7]
V  [jvm.dll+0x3b8371]
C  [jli.dll+0x52fb]
C  [ucrtbase.dll+0x214c2]
C  [KERNEL32.DLL+0x16fd4]
C  [ntdll.dll+0x4cec1]


---------------  P R O C E S S  ---------------

Threads class SMR info:
_java_thread_list=0x00007ffa77082fa0, length=0, elements={
}

Java Threads: ( => current thread )

Other Threads:

=>0x00000216f955b680 (exited) JavaThread "Unknown thread" [_thread_in_vm, id=8612, stack(0x0000007c9c600000,0x0000007c9c700000)]

Threads with active compile tasks:

VM state: not at safepoint (not fully initialized)

VM Mutex/Monitor currently owned by a thread: None

Heap address: 0x0000000000000000, size: 0 MB, Compressed Oops mode: 32-bit
CDS archive(s) mapped at: [0x0000000000000000-0x0000000000000000-0x0000000000000000), size 0, SharedBaseAddress: 0x0000000800000000, ArchiveRelocationMode: 0.
Narrow klass base: 0x0000000000000000, Narrow klass shift: 0, Narrow klass range: 0x0

GC Heap History (0 events):
No events

Deoptimization events (0 events):
No events

Classes unloaded (0 events):
No events

Classes redefined (0 events):
No events

Internal exceptions (0 events):
No events

Events (1 events):
Event: 0.010 Loaded shared library C:\Program Files\Java\jdk-15\bin\java.dll


Dynamic libraries:
0x00007ff7f71b0000 - 0x00007ff7f71bf000 	C:\Program Files\Java\jdk-15\bin\javaw.exe
0x00007ffac8e90000 - 0x00007ffac9085000 	C:\Windows\SYSTEM32\ntdll.dll
0x00007ffac8830000 - 0x00007ffac88ed000 	C:\Windows\System32\KERNEL32.DLL
0x00007ffac65d0000 - 0x00007ffac6897000 	C:\Windows\System32\KERNELBASE.dll
0x00007ffac6920000 - 0x00007ffac6a20000 	C:\Windows\System32\ucrtbase.dll
0x00007ffac1890000 - 0x00007ffac18a8000 	C:\Program Files\Java\jdk-15\bin\jli.dll
0x00007ffac7a60000 - 0x00007ffac7b0a000 	C:\Windows\System32\ADVAPI32.dll
0x00007ffac76a0000 - 0x00007ffac773e000 	C:\Windows\System32\msvcrt.dll
0x00007ffac7040000 - 0x00007ffac70db000 	C:\Windows\System32\sechost.dll
0x00007ffac7110000 - 0x00007ffac7234000 	C:\Windows\System32\RPCRT4.dll
0x00007ffac7350000 - 0x00007ffac74f0000 	C:\Windows\System32\USER32.dll
0x00007ffac68f0000 - 0x00007ffac6912000 	C:\Windows\System32\win32u.dll
0x00007ffac70e0000 - 0x00007ffac710a000 	C:\Windows\System32\GDI32.dll
0x00007ffac6c30000 - 0x00007ffac6d39000 	C:\Windows\System32\gdi32full.dll
0x00007ffac6d40000 - 0x00007ffac6ddd000 	C:\Windows\System32\msvcp_win.dll
0x00007ffab7610000 - 0x00007ffab78ab000 	C:\Windows\WinSxS\amd64_microsoft.windows.common-controls_6595b64144ccf1df_6.0.19041.488_none_ca04af081b815d21\COMCTL32.dll
0x00007ffab8f20000 - 0x00007ffab8f2a000 	C:\Windows\SYSTEM32\VERSION.dll
0x00007ffac18b0000 - 0x00007ffac18c9000 	C:\Program Files\Java\jdk-15\bin\VCRUNTIME140.dll
0x00007ffac7810000 - 0x00007ffac7840000 	C:\Windows\System32\IMM32.DLL
0x00007ffac1880000 - 0x00007ffac188c000 	C:\Program Files\Java\jdk-15\bin\vcruntime140_1.dll
0x00007ffab2db0000 - 0x00007ffab2e41000 	C:\Program Files\Java\jdk-15\bin\msvcp140.dll
0x00007ffa765c0000 - 0x00007ffa7711c000 	C:\Program Files\Java\jdk-15\bin\server\jvm.dll
0x00007ffac7850000 - 0x00007ffac7858000 	C:\Windows\System32\PSAPI.DLL
0x00007ffac4d70000 - 0x00007ffac4d79000 	C:\Windows\SYSTEM32\WSOCK32.dll
0x00007ffac77a0000 - 0x00007ffac780b000 	C:\Windows\System32\WS2_32.dll
0x00007ffab8bd0000 - 0x00007ffab8bf7000 	C:\Windows\SYSTEM32\WINMM.dll
0x00007ffac4ed0000 - 0x00007ffac4ee3000 	C:\Windows\SYSTEM32\kernel.appcore.dll
0x00007ffaaaf70000 - 0x00007ffaaaf7a000 	C:\Program Files\Java\jdk-15\bin\jimage.dll
0x00007ffac4b60000 - 0x00007ffac4d44000 	C:\Windows\SYSTEM32\DBGHELP.DLL
0x00007ffab5550000 - 0x00007ffab557c000 	C:\Windows\SYSTEM32\dbgcore.DLL
0x00007ffac6bb0000 - 0x00007ffac6c2f000 	C:\Windows\System32\bcryptPrimitives.dll
0x00007ffaa2680000 - 0x00007ffaa26a5000 	C:\Program Files\Java\jdk-15\bin\java.dll

dbghelp: loaded successfully - version: 4.0.5 - missing functions: none
symbol engine: initialized successfully - sym options: 0x614 - pdb path: .;C:\Program Files\Java\jdk-15\bin;C:\Windows\SYSTEM32;C:\Windows\WinSxS\amd64_microsoft.windows.common-controls_6595b64144ccf1df_6.0.19041.488_none_ca04af081b815d21;C:\Program Files\Java\jdk-15\bin\server

VM Arguments:
jvm_args: -Dfile.encoding=Cp1252 -XX:+ShowCodeDetailsInExceptionMessages 
java_command: bai3.PoolStop
java_class_path (initial): C:\Users\Sakura\Documents\HeThongPhanTan\ThreadPool\bin
Launcher Type: SUN_STANDARD

[Global flags]
     intx CICompilerCount                          = 3                                         {product} {ergonomic}
     uint ConcGCThreads                            = 1                                         {product} {ergonomic}
     uint G1ConcRefinementThreads                  = 4                                         {product} {ergonomic}
   size_t G1HeapRegionSize                         = 2097152                                   {product} {ergonomic}
    uintx GCDrainStackTargetSize                   = 64                                        {product} {ergonomic}
   size_t InitialHeapSize                          = 192937984                                 {product} {ergonomic}
   size_t MarkStackSize                            = 4194304                                   {product} {ergonomic}
   size_t MaxHeapSize                              = 3070230528                                {product} {ergonomic}
   size_t MinHeapDeltaBytes                        = 2097152                                   {product} {ergonomic}
   size_t MinHeapSize                              = 8388608                                   {product} {ergonomic}
    uintx NonNMethodCodeHeapSize                   = 5832780                                {pd product} {ergonomic}
    uintx NonProfiledCodeHeapSize                  = 122912730                              {pd product} {ergonomic}
    uintx ProfiledCodeHeapSize                     = 122912730                              {pd product} {ergonomic}
    uintx ReservedCodeCacheSize                    = 251658240                              {pd product} {ergonomic}
     bool SegmentedCodeCache                       = true                                      {product} {ergonomic}
     bool ShowCodeDetailsInExceptionMessages       = true                                   {manageable} {command line}
   size_t SoftMaxHeapSize                          = 3070230528                             {manageable} {ergonomic}
     bool UseCompressedClassPointers               = true                                 {lp64_product} {ergonomic}
     bool UseCompressedOops                        = true                                 {lp64_product} {ergonomic}
     bool UseG1GC                                  = true                                      {product} {ergonomic}
     bool UseLargePagesIndividualAllocation        = false                                  {pd product} {ergonomic}

Logging:
Log output configuration:
 #0: stdout all=warning uptime,level,tags
 #1: stderr all=off uptime,level,tags

Environment Variables:
PATH=C:/Program Files/Java/jdk-15/bin/server;C:/Program Files/Java/jdk-15/bin;C:\Program Files\Common Files\Oracle\Java\javapath;C:\Windows\system32;C:\Windows;C:\Windows\System32\Wbem;C:\Windows\System32\WindowsPowerShell\v1.0\;C:\Windows\System32\OpenSSH\;C:\Program Files\dotnet\;C:\Program Files\Microsoft SQL Server\130\Tools\Binn\;C:\Program Files\Docker\Docker\resources\bin;C:\ProgramData\DockerDesktop\version-bin;C:\Users\Sakura\AppData\Local\Microsoft\WindowsApps;;C:\Users\Sakura\AppData\Local\Programs\Microsoft VS Code\bin;C:\Users\Sakura\.dotnet\tools;C:\Users\Sakura\Desktop;
USERNAME=Sakura
OS=Windows_NT
PROCESSOR_IDENTIFIER=Intel64 Family 6 Model 61 Stepping 4, GenuineIntel



---------------  S Y S T E M  ---------------

OS:
 Windows 10 , 64 bit Build 19041 (10.0.19041.292)
OS uptime: 0 days 0:59 hours
HyperV virtualization detected

CPU: total 4 (initial active 4) (2 cores per cpu, 2 threads per core) family 6 model 61 stepping 4, cmov, cx8, fxsr, mmx, sse, sse2, sse3, ssse3, sse4.1, sse4.2, popcnt, vzeroupper, avx, avx2, aes, clmul, erms, 3dnowpref, lzcnt, ht, tsc, tscinvbit, bmi1, bmi2, adx, fma, clflush

Memory: 4k page, system-wide physical 11710M (5106M free)
TotalPageFile size 11710M (AvailPageFile size 265M)
current process WorkingSet (physical memory assigned to process): 9M, peak: 9M
current process commit charge ("private bytes"): 14M, peak: 15M

vm_info: Java HotSpot(TM) 64-Bit Server VM (15+36-1562) for windows-amd64 JRE (15+36-1562), built on Aug 11 2020 22:38:02 by "mach5one" with unknown MS VC++:1925

END.
